<?xml version="1.0" encoding="UTF-8"?>
<testsuite xmlns:xsi="http://www.w3.org/2001/XMLSchema-instance" xsi:noNamespaceSchemaLocation="https://maven.apache.org/surefire/maven-surefire-plugin/xsd/surefire-test-report-3.0.xsd" version="3.0" name="com.demo.service.OrderServiceTest" time="0.031" tests="2" errors="0" skipped="0" failures="0">
  <properties>
    <property name="java.specification.version" value="23"/>
    <property name="sun.jnu.encoding" value="UTF-8"/>
    <property name="java.class.path" value="/home/netik/Desktop/TTN Java Session/unit-testing/target/test-classes:/home/netik/Desktop/TTN Java Session/unit-testing/target/classes:/home/netik/.m2/repository/junit/junit/4.12/junit-4.12.jar:/home/netik/.m2/repository/org/hamcrest/hamcrest-core/1.3/hamcrest-core-1.3.jar:/home/netik/.m2/repository/org/mockito/mockito-all/1.10.19/mockito-all-1.10.19.jar:/home/netik/.m2/repository/org/hamcrest/hamcrest-library/1.3/hamcrest-library-1.3.jar:/home/netik/.m2/repository/org/powermock/powermock-api-mockito/1.6.4/powermock-api-mockito-1.6.4.jar:/home/netik/.m2/repository/org/mockito/mockito-core/1.10.19/mockito-core-1.10.19.jar:/home/netik/.m2/repository/org/objenesis/objenesis/2.1/objenesis-2.1.jar:/home/netik/.m2/repository/org/powermock/powermock-api-support/1.6.4/powermock-api-support-1.6.4.jar:/home/netik/.m2/repository/org/powermock/powermock-core/1.6.4/powermock-core-1.6.4.jar:/home/netik/.m2/repository/org/javassist/javassist/3.20.0-GA/javassist-3.20.0-GA.jar:/home/netik/.m2/repository/org/powermock/powermock-reflect/1.6.4/powermock-reflect-1.6.4.jar:/home/netik/.m2/repository/org/powermock/powermock-module-junit4/1.6.4/powermock-module-junit4-1.6.4.jar:/home/netik/.m2/repository/org/powermock/powermock-module-junit4-common/1.6.4/powermock-module-junit4-common-1.6.4.jar:"/>
    <property name="java.vm.vendor" value="Oracle Corporation"/>
    <property name="sun.arch.data.model" value="64"/>
    <property name="java.vendor.url" value="https://java.oracle.com/"/>
    <property name="os.name" value="Linux"/>
    <property name="java.vm.specification.version" value="23"/>
    <property name="sun.java.launcher" value="SUN_STANDARD"/>
    <property name="user.country" value="IN"/>
    <property name="sun.boot.library.path" value="/home/netik/.jdks/openjdk-23.0.2/lib"/>
    <property name="sun.java.command" value="/home/netik/Desktop/TTN Java Session/unit-testing/target/surefire/surefirebooter-20250219230740099_3.jar /home/netik/Desktop/TTN Java Session/unit-testing/target/surefire 2025-02-19T23-07-40_025-jvmRun1 surefire-20250219230740099_1tmp surefire_0-20250219230740099_2tmp"/>
    <property name="jdk.debug" value="release"/>
    <property name="surefire.test.class.path" value="/home/netik/Desktop/TTN Java Session/unit-testing/target/test-classes:/home/netik/Desktop/TTN Java Session/unit-testing/target/classes:/home/netik/.m2/repository/junit/junit/4.12/junit-4.12.jar:/home/netik/.m2/repository/org/hamcrest/hamcrest-core/1.3/hamcrest-core-1.3.jar:/home/netik/.m2/repository/org/mockito/mockito-all/1.10.19/mockito-all-1.10.19.jar:/home/netik/.m2/repository/org/hamcrest/hamcrest-library/1.3/hamcrest-library-1.3.jar:/home/netik/.m2/repository/org/powermock/powermock-api-mockito/1.6.4/powermock-api-mockito-1.6.4.jar:/home/netik/.m2/repository/org/mockito/mockito-core/1.10.19/mockito-core-1.10.19.jar:/home/netik/.m2/repository/org/objenesis/objenesis/2.1/objenesis-2.1.jar:/home/netik/.m2/repository/org/powermock/powermock-api-support/1.6.4/powermock-api-support-1.6.4.jar:/home/netik/.m2/repository/org/powermock/powermock-core/1.6.4/powermock-core-1.6.4.jar:/home/netik/.m2/repository/org/javassist/javassist/3.20.0-GA/javassist-3.20.0-GA.jar:/home/netik/.m2/repository/org/powermock/powermock-reflect/1.6.4/powermock-reflect-1.6.4.jar:/home/netik/.m2/repository/org/powermock/powermock-module-junit4/1.6.4/powermock-module-junit4-1.6.4.jar:/home/netik/.m2/repository/org/powermock/powermock-module-junit4-common/1.6.4/powermock-module-junit4-common-1.6.4.jar:"/>
    <property name="sun.cpu.endian" value="little"/>
    <property name="user.home" value="/home/netik"/>
    <property name="user.language" value="en"/>
    <property name="java.specification.vendor" value="Oracle Corporation"/>
    <property name="java.version.date" value="2025-01-21"/>
    <property name="java.home" value="/home/netik/.jdks/openjdk-23.0.2"/>
    <property name="file.separator" value="/"/>
    <property name="basedir" value="/home/netik/Desktop/TTN Java Session/unit-testing"/>
    <property name="java.vm.compressedOopsMode" value="Zero based"/>
    <property name="line.separator" value="&#10;"/>
    <property name="java.specification.name" value="Java Platform API Specification"/>
    <property name="java.vm.specification.vendor" value="Oracle Corporation"/>
    <property name="surefire.real.class.path" value="/home/netik/Desktop/TTN Java Session/unit-testing/target/surefire/surefirebooter-20250219230740099_3.jar"/>
    <property name="sun.management.compiler" value="HotSpot 64-Bit Tiered Compilers"/>
    <property name="java.runtime.version" value="23.0.2+7-58"/>
    <property name="user.name" value="netik"/>
    <property name="stdout.encoding" value="UTF-8"/>
    <property name="path.separator" value=":"/>
    <property name="os.version" value="6.8.0-51-generic"/>
    <property name="java.runtime.name" value="OpenJDK Runtime Environment"/>
    <property name="file.encoding" value="UTF-8"/>
    <property name="java.vm.name" value="OpenJDK 64-Bit Server VM"/>
    <property name="localRepository" value="/home/netik/.m2/repository"/>
    <property name="java.vendor.url.bug" value="https://bugreport.java.com/bugreport/"/>
    <property name="java.io.tmpdir" value="/tmp"/>
    <property name="idea.version" value="2024.3.2.2"/>
    <property name="java.version" value="23.0.2"/>
    <property name="user.dir" value="/home/netik/Desktop/TTN Java Session/unit-testing"/>
    <property name="os.arch" value="amd64"/>
    <property name="java.vm.specification.name" value="Java Virtual Machine Specification"/>
    <property name="native.encoding" value="UTF-8"/>
    <property name="java.library.path" value="/usr/java/packages/lib:/usr/lib64:/lib64:/lib:/usr/lib"/>
    <property name="java.vm.info" value="mixed mode, sharing"/>
    <property name="stderr.encoding" value="UTF-8"/>
    <property name="java.vendor" value="Oracle Corporation"/>
    <property name="java.vm.version" value="23.0.2+7-58"/>
    <property name="sun.io.unicode.encoding" value="UnicodeLittle"/>
    <property name="java.class.version" value="67.0"/>
  </properties>
  <testcase name="placeOrderTest" classname="com.demo.service.OrderServiceTest" time="0.002"/>
  <testcase name="testPlaceOrder" classname="com.demo.service.OrderServiceTest" time="0.0"/>
</testsuite>